Arguments: 
  /Users/dengwen48/.nvm/versions/node/v14.19.1/bin/node /usr/local/Cellar/yarn/1.22.10/libexec/bin/yarn.js add react-route-dom

PATH: 
  /Users/dengwen48/.nvm/versions/node/v14.19.1/bin:/Users/dengwen48/bin:/Library/Frameworks/Python.framework/Versions/3.9/bin:/usr/local/bin:/usr/bin:/bin:/usr/sbin:/sbin:/Users/dengwen48/.nvm/versions/node/v14.19.1/bin:/Users/dengwen48/bin:/Library/Frameworks/Python.framework/Versions/3.9/bin

Yarn version: 
  1.22.10

Node version: 
  14.19.1

Platform: 
  darwin x64

Trace: 
  Error: http://registry.m.jd.com/react-route-dom: Not found
      at Request.params.callback [as _callback] (/usr/local/Cellar/yarn/1.22.10/libexec/lib/cli.js:66988:18)
      at Request.self.callback (/usr/local/Cellar/yarn/1.22.10/libexec/lib/cli.js:140749:22)
      at Request.emit (events.js:400:28)
      at Request.<anonymous> (/usr/local/Cellar/yarn/1.22.10/libexec/lib/cli.js:141721:10)
      at Request.emit (events.js:400:28)
      at IncomingMessage.<anonymous> (/usr/local/Cellar/yarn/1.22.10/libexec/lib/cli.js:141643:12)
      at Object.onceWrapper (events.js:519:28)
      at IncomingMessage.emit (events.js:412:35)
      at endReadableNT (internal/streams/readable.js:1334:12)
      at processTicksAndRejections (internal/process/task_queues.js:82:21)

npm manifest: 
  {
    "name": "route-resource-preload",
    "version": "1.0.0-beta.1",
    "description": "Realize routing and mf resources and load based on webpack",
    "scripts": {
      "test": "echo \"Error: no test specified\" && exit 1"
    },
    "repository": {
      "type": "git",
      "url": "git+https://github.com/AwesomeDevin/route-resource-preload.git"
    },
    "keywords": [
      "route",
      "preload",
      "module-federation",
      "route-preload",
      "resource-preload",
      "module-federation-preload"
    ],
    "dependencies": {
      "@rollup/plugin-commonjs": "^24.0.1",
      "typescript": "^4.9.3",
      "vite": "^4.0.4"
    },
    "author": "AwesomeDevin",
    "license": "MIT",
    "bugs": {
      "url": "https://github.com/AwesomeDevin/route-resource-preload/issues"
    },
    "homepage": "https://github.com/AwesomeDevin/route-resource-preload#readme",
    "peerDependencies": {
      "react": ">=17.0.0"
    },
    "devDependencies": {
      "@types/react": "17.0.0"
    }
  }

yarn manifest: 
  No manifest

Lockfile: 
  # THIS IS AN AUTOGENERATED FILE. DO NOT EDIT THIS FILE DIRECTLY.
  # yarn lockfile v1
  
  
  "@esbuild/android-arm64@0.16.17":
    version "0.16.17"
    resolved "http://registry.m.jd.com/@esbuild/android-arm64/download/@esbuild/android-arm64-0.16.17.tgz#cf91e86df127aa3d141744edafcba0abdc577d23"
    integrity sha1-z5HobfEnqj0UF0Ttr8ugq9xXfSM=
  
  "@esbuild/android-arm@0.16.17":
    version "0.16.17"
    resolved "http://registry.m.jd.com/@esbuild/android-arm/download/@esbuild/android-arm-0.16.17.tgz#025b6246d3f68b7bbaa97069144fb5fb70f2fff2"
    integrity sha1-AltiRtP2i3u6qXBpFE+1+3Dy//I=
  
  "@esbuild/android-x64@0.16.17":
    version "0.16.17"
    resolved "http://registry.m.jd.com/@esbuild/android-x64/download/@esbuild/android-x64-0.16.17.tgz#c820e0fef982f99a85c4b8bfdd582835f04cd96e"
    integrity sha1-yCDg/vmC+ZqFxLi/3VgoNfBM2W4=
  
  "@esbuild/darwin-arm64@0.16.17":
    version "0.16.17"
    resolved "http://registry.m.jd.com/@esbuild/darwin-arm64/download/@esbuild/darwin-arm64-0.16.17.tgz#edef4487af6b21afabba7be5132c26d22379b220"
    integrity sha1-7e9Eh69rIa+runvlEywm0iN5siA=
  
  "@esbuild/darwin-x64@0.16.17":
    version "0.16.17"
    resolved "http://registry.m.jd.com/@esbuild/darwin-x64/download/@esbuild/darwin-x64-0.16.17.tgz#42829168730071c41ef0d028d8319eea0e2904b4"
    integrity sha1-QoKRaHMAccQe8NAo2DGe6g4pBLQ=
  
  "@esbuild/freebsd-arm64@0.16.17":
    version "0.16.17"
    resolved "http://registry.m.jd.com/@esbuild/freebsd-arm64/download/@esbuild/freebsd-arm64-0.16.17.tgz#1f4af488bfc7e9ced04207034d398e793b570a27"
    integrity sha1-H0r0iL/H6c7QQgcDTTmOeTtXCic=
  
  "@esbuild/freebsd-x64@0.16.17":
    version "0.16.17"
    resolved "http://registry.m.jd.com/@esbuild/freebsd-x64/download/@esbuild/freebsd-x64-0.16.17.tgz#636306f19e9bc981e06aa1d777302dad8fddaf72"
    integrity sha1-Y2MG8Z6byYHgaqHXdzAtrY/dr3I=
  
  "@esbuild/linux-arm64@0.16.17":
    version "0.16.17"
    resolved "http://registry.m.jd.com/@esbuild/linux-arm64/download/@esbuild/linux-arm64-0.16.17.tgz#a003f7ff237c501e095d4f3a09e58fc7b25a4aca"
    integrity sha1-oAP3/yN8UB4JXU86CeWPx7JaSso=
  
  "@esbuild/linux-arm@0.16.17":
    version "0.16.17"
    resolved "http://registry.m.jd.com/@esbuild/linux-arm/download/@esbuild/linux-arm-0.16.17.tgz#b591e6a59d9c4fe0eeadd4874b157ab78cf5f196"
    integrity sha1-tZHmpZ2cT+DurdSHSxV6t4z18ZY=
  
  "@esbuild/linux-ia32@0.16.17":
    version "0.16.17"
    resolved "http://registry.m.jd.com/@esbuild/linux-ia32/download/@esbuild/linux-ia32-0.16.17.tgz#24333a11027ef46a18f57019450a5188918e2a54"
    integrity sha1-JDM6EQJ+9GoY9XAZRQpRiJGOKlQ=
  
  "@esbuild/linux-loong64@0.16.17":
    version "0.16.17"
    resolved "http://registry.m.jd.com/@esbuild/linux-loong64/download/@esbuild/linux-loong64-0.16.17.tgz#d5ad459d41ed42bbd4d005256b31882ec52227d8"
    integrity sha1-1a1FnUHtQrvU0AUlazGILsUiJ9g=
  
  "@esbuild/linux-mips64el@0.16.17":
    version "0.16.17"
    resolved "http://registry.m.jd.com/@esbuild/linux-mips64el/download/@esbuild/linux-mips64el-0.16.17.tgz#4e5967a665c38360b0a8205594377d4dcf9c3726"
    integrity sha1-TllnpmXDg2CwqCBVlDd9Tc+cNyY=
  
  "@esbuild/linux-ppc64@0.16.17":
    version "0.16.17"
    resolved "http://registry.m.jd.com/@esbuild/linux-ppc64/download/@esbuild/linux-ppc64-0.16.17.tgz#206443a02eb568f9fdf0b438fbd47d26e735afc8"
    integrity sha1-IGRDoC61aPn98LQ4+9R9Juc1r8g=
  
  "@esbuild/linux-riscv64@0.16.17":
    version "0.16.17"
    resolved "http://registry.m.jd.com/@esbuild/linux-riscv64/download/@esbuild/linux-riscv64-0.16.17.tgz#c351e433d009bf256e798ad048152c8d76da2fc9"
    integrity sha1-w1HkM9AJvyVueYrQSBUsjXbaL8k=
  
  "@esbuild/linux-s390x@0.16.17":
    version "0.16.17"
    resolved "http://registry.m.jd.com/@esbuild/linux-s390x/download/@esbuild/linux-s390x-0.16.17.tgz#661f271e5d59615b84b6801d1c2123ad13d9bd87"
    integrity sha1-Zh8nHl1ZYVuEtoAdHCEjrRPZvYc=
  
  "@esbuild/linux-x64@0.16.17":
    version "0.16.17"
    resolved "http://registry.m.jd.com/@esbuild/linux-x64/download/@esbuild/linux-x64-0.16.17.tgz#e4ba18e8b149a89c982351443a377c723762b85f"
    integrity sha1-5LoY6LFJqJyYI1FEOjd8cjdiuF8=
  
  "@esbuild/netbsd-x64@0.16.17":
    version "0.16.17"
    resolved "http://registry.m.jd.com/@esbuild/netbsd-x64/download/@esbuild/netbsd-x64-0.16.17.tgz#7d4f4041e30c5c07dd24ffa295c73f06038ec775"
    integrity sha1-fU9AQeMMXAfdJP+ilcc/BgOOx3U=
  
  "@esbuild/openbsd-x64@0.16.17":
    version "0.16.17"
    resolved "http://registry.m.jd.com/@esbuild/openbsd-x64/download/@esbuild/openbsd-x64-0.16.17.tgz#970fa7f8470681f3e6b1db0cc421a4af8060ec35"
    integrity sha1-lw+n+EcGgfPmsdsMxCGkr4Bg7DU=
  
  "@esbuild/sunos-x64@0.16.17":
    version "0.16.17"
    resolved "http://registry.m.jd.com/@esbuild/sunos-x64/download/@esbuild/sunos-x64-0.16.17.tgz#abc60e7c4abf8b89fb7a4fe69a1484132238022c"
    integrity sha1-q8YOfEq/i4n7ek/mmhSEEyI4Aiw=
  
  "@esbuild/win32-arm64@0.16.17":
    version "0.16.17"
    resolved "http://registry.m.jd.com/@esbuild/win32-arm64/download/@esbuild/win32-arm64-0.16.17.tgz#7b0ff9e8c3265537a7a7b1fd9a24e7bd39fcd87a"
    integrity sha1-ew/56MMmVTenp7H9miTnvTn82Ho=
  
  "@esbuild/win32-ia32@0.16.17":
    version "0.16.17"
    resolved "http://registry.m.jd.com/@esbuild/win32-ia32/download/@esbuild/win32-ia32-0.16.17.tgz#e90fe5267d71a7b7567afdc403dfd198c292eb09"
    integrity sha1-6Q/lJn1xp7dWev3EA9/RmMKS6wk=
  
  "@esbuild/win32-x64@0.16.17":
    version "0.16.17"
    resolved "http://registry.m.jd.com/@esbuild/win32-x64/download/@esbuild/win32-x64-0.16.17.tgz#c5a1a4bfe1b57f0c3e61b29883525c6da3e5c091"
    integrity sha1-xaGkv+G1fww+YbKYg1JcbaPlwJE=
  
  "@jridgewell/sourcemap-codec@^1.4.13":
    version "1.4.14"
    resolved "http://registry.m.jd.com/@jridgewell/sourcemap-codec/download/@jridgewell/sourcemap-codec-1.4.14.tgz#add4c98d341472a289190b424efbdb096991bb24"
    integrity sha1-rdTJjTQUcqKJGQtCTvvbCWmRuyQ=
  
  "@rollup/plugin-commonjs@^24.0.1":
    version "24.0.1"
    resolved "http://registry.m.jd.com/@rollup/plugin-commonjs/download/@rollup/plugin-commonjs-24.0.1.tgz#d54ba26a3e3c495dc332bd27a81f7e9e2df46f90"
    integrity sha1-1Uuiaj48SV3DMr0nqB9+ni30b5A=
    dependencies:
      "@rollup/pluginutils" "^5.0.1"
      commondir "^1.0.1"
      estree-walker "^2.0.2"
      glob "^8.0.3"
      is-reference "1.2.1"
      magic-string "^0.27.0"
  
  "@rollup/pluginutils@^5.0.1":
    version "5.0.2"
    resolved "http://registry.m.jd.com/@rollup/pluginutils/download/@rollup/pluginutils-5.0.2.tgz#012b8f53c71e4f6f9cb317e311df1404f56e7a33"
    integrity sha1-ASuPU8ceT2+csxfjEd8UBPVuejM=
    dependencies:
      "@types/estree" "^1.0.0"
      estree-walker "^2.0.2"
      picomatch "^2.3.1"
  
  "@types/estree@*", "@types/estree@^1.0.0":
    version "1.0.0"
    resolved "http://registry.m.jd.com/@types/estree/download/@types/estree-1.0.0.tgz#5fb2e536c1ae9bf35366eed879e827fa59ca41c2"
    integrity sha1-X7LlNsGum/NTZu7Yeegn+lnKQcI=
  
  "@types/prop-types@*":
    version "15.7.5"
    resolved "http://registry.m.jd.com/@types/prop-types/download/@types/prop-types-15.7.5.tgz#5f19d2b85a98e9558036f6a3cacc8819420f05cf"
    integrity sha1-XxnSuFqY6VWANvajysyIGUIPBc8=
  
  "@types/react@17.0.0":
    version "17.0.0"
    resolved "http://registry.m.jd.com/@types/react/download/@types/react-17.0.0.tgz#5af3eb7fad2807092f0046a1302b7823e27919b8"
    integrity sha1-WvPrf60oBwkvAEahMCt4I+J5Gbg=
    dependencies:
      "@types/prop-types" "*"
      csstype "^3.0.2"
  
  balanced-match@^1.0.0:
    version "1.0.2"
    resolved "http://registry.m.jd.com/balanced-match/download/balanced-match-1.0.2.tgz#e83e3a7e3f300b34cb9d87f615fa0cbf357690ee"
    integrity sha1-6D46fj8wCzTLnYf2FfoMvzV2kO4=
  
  brace-expansion@^2.0.1:
    version "2.0.1"
    resolved "http://registry.m.jd.com/brace-expansion/download/brace-expansion-2.0.1.tgz#1edc459e0f0c548486ecf9fc99f2221364b9a0ae"
    integrity sha1-HtxFng8MVISG7Pn8mfIiE2S5oK4=
    dependencies:
      balanced-match "^1.0.0"
  
  commondir@^1.0.1:
    version "1.0.1"
    resolved "http://registry.m.jd.com/commondir/download/commondir-1.0.1.tgz#ddd800da0c66127393cca5950ea968a3aaf1253b"
    integrity sha1-3dgA2gxmEnOTzKWVDqloo6rxJTs=
  
  csstype@^3.0.2:
    version "3.1.1"
    resolved "http://registry.m.jd.com/csstype/download/csstype-3.1.1.tgz#841b532c45c758ee546a11d5bd7b7b473c8c30b9"
    integrity sha1-hBtTLEXHWO5UahHVvXt7RzyMMLk=
  
  esbuild@^0.16.14:
    version "0.16.17"
    resolved "http://registry.m.jd.com/esbuild/download/esbuild-0.16.17.tgz#fc2c3914c57ee750635fee71b89f615f25065259"
    integrity sha1-/Cw5FMV+51BjX+5xuJ9hXyUGUlk=
    optionalDependencies:
      "@esbuild/android-arm" "0.16.17"
      "@esbuild/android-arm64" "0.16.17"
      "@esbuild/android-x64" "0.16.17"
      "@esbuild/darwin-arm64" "0.16.17"
      "@esbuild/darwin-x64" "0.16.17"
      "@esbuild/freebsd-arm64" "0.16.17"
      "@esbuild/freebsd-x64" "0.16.17"
      "@esbuild/linux-arm" "0.16.17"
      "@esbuild/linux-arm64" "0.16.17"
      "@esbuild/linux-ia32" "0.16.17"
      "@esbuild/linux-loong64" "0.16.17"
      "@esbuild/linux-mips64el" "0.16.17"
      "@esbuild/linux-ppc64" "0.16.17"
      "@esbuild/linux-riscv64" "0.16.17"
      "@esbuild/linux-s390x" "0.16.17"
      "@esbuild/linux-x64" "0.16.17"
      "@esbuild/netbsd-x64" "0.16.17"
      "@esbuild/openbsd-x64" "0.16.17"
      "@esbuild/sunos-x64" "0.16.17"
      "@esbuild/win32-arm64" "0.16.17"
      "@esbuild/win32-ia32" "0.16.17"
      "@esbuild/win32-x64" "0.16.17"
  
  estree-walker@^2.0.2:
    version "2.0.2"
    resolved "http://registry.m.jd.com/estree-walker/download/estree-walker-2.0.2.tgz#52f010178c2a4c117a7757cfe942adb7d2da4cac"
    integrity sha1-UvAQF4wqTBF6d1fP6UKtt9LaTKw=
  
  fs.realpath@^1.0.0:
    version "1.0.0"
    resolved "http://registry.m.jd.com/fs.realpath/download/fs.realpath-1.0.0.tgz#1504ad2523158caa40db4a2787cb01411994ea4f"
    integrity sha1-FQStJSMVjKpA20onh8sBQRmU6k8=
  
  fsevents@~2.3.2:
    version "2.3.2"
    resolved "http://registry.m.jd.com/fsevents/download/fsevents-2.3.2.tgz#8a526f78b8fdf4623b709e0b975c52c24c02fd1a"
    integrity sha1-ilJveLj99GI7cJ4Ll1xSwkwC/Ro=
  
  function-bind@^1.1.1:
    version "1.1.1"
    resolved "http://registry.m.jd.com/function-bind/download/function-bind-1.1.1.tgz#a56899d3ea3c9bab874bb9773b7c5ede92f4895d"
    integrity sha1-pWiZ0+o8m6uHS7l3O3xe3pL0iV0=
  
  glob@^8.0.3:
    version "8.1.0"
    resolved "http://registry.m.jd.com/glob/download/glob-8.1.0.tgz#d388f656593ef708ee3e34640fdfb99a9fd1c33e"
    integrity sha1-04j2Vlk+9wjuPjRkD9+5mp/Rwz4=
    dependencies:
      fs.realpath "^1.0.0"
      inflight "^1.0.4"
      inherits "2"
      minimatch "^5.0.1"
      once "^1.3.0"
  
  has@^1.0.3:
    version "1.0.3"
    resolved "http://registry.m.jd.com/has/download/has-1.0.3.tgz#722d7cbfc1f6aa8241f16dd814e011e1f41e8796"
    integrity sha1-ci18v8H2qoJB8W3YFOAR4fQeh5Y=
    dependencies:
      function-bind "^1.1.1"
  
  inflight@^1.0.4:
    version "1.0.6"
    resolved "http://registry.m.jd.com/inflight/download/inflight-1.0.6.tgz#49bd6331d7d02d0c09bc910a1075ba8165b56df9"
    integrity sha1-Sb1jMdfQLQwJvJEKEHW6gWW1bfk=
    dependencies:
      once "^1.3.0"
      wrappy "1"
  
  inherits@2:
    version "2.0.4"
    resolved "http://registry.m.jd.com/inherits/download/inherits-2.0.4.tgz#0fa2c64f932917c3433a0ded55363aae37416b7c"
    integrity sha1-D6LGT5MpF8NDOg3tVTY6rjdBa3w=
  
  is-core-module@^2.9.0:
    version "2.11.0"
    resolved "http://registry.m.jd.com/is-core-module/download/is-core-module-2.11.0.tgz#ad4cb3e3863e814523c96f3f58d26cc570ff0144"
    integrity sha1-rUyz44Y+gUUjyW8/WNJsxXD/AUQ=
    dependencies:
      has "^1.0.3"
  
  is-reference@1.2.1:
    version "1.2.1"
    resolved "http://registry.m.jd.com/is-reference/download/is-reference-1.2.1.tgz#8b2dac0b371f4bc994fdeaba9eb542d03002d0b7"
    integrity sha1-iy2sCzcfS8mU/eq6nrVC0DAC0Lc=
    dependencies:
      "@types/estree" "*"
  
  magic-string@^0.27.0:
    version "0.27.0"
    resolved "http://registry.m.jd.com/magic-string/download/magic-string-0.27.0.tgz#e4a3413b4bab6d98d2becffd48b4a257effdbbf3"
    integrity sha1-5KNBO0urbZjSvs/9SLSiV+/9u/M=
    dependencies:
      "@jridgewell/sourcemap-codec" "^1.4.13"
  
  minimatch@^5.0.1:
    version "5.1.6"
    resolved "http://registry.m.jd.com/minimatch/download/minimatch-5.1.6.tgz#1cfcb8cf5522ea69952cd2af95ae09477f122a96"
    integrity sha1-HPy4z1Ui6mmVLNKvla4JR38SKpY=
    dependencies:
      brace-expansion "^2.0.1"
  
  nanoid@^3.3.4:
    version "3.3.4"
    resolved "http://registry.m.jd.com/nanoid/download/nanoid-3.3.4.tgz#730b67e3cd09e2deacf03c027c81c9d9dbc5e8ab"
    integrity sha1-cwtn480J4t6s8DwCfIHJ2dvF6Ks=
  
  once@^1.3.0:
    version "1.4.0"
    resolved "http://registry.m.jd.com/once/download/once-1.4.0.tgz#583b1aa775961d4b113ac17d9c50baef9dd76bd1"
    integrity sha1-WDsap3WWHUsROsF9nFC6753Xa9E=
    dependencies:
      wrappy "1"
  
  path-parse@^1.0.7:
    version "1.0.7"
    resolved "http://registry.m.jd.com/path-parse/download/path-parse-1.0.7.tgz#fbc114b60ca42b30d9daf5858e4bd68bbedb6735"
    integrity sha1-+8EUtgykKzDZ2vWFjkvWi77bZzU=
  
  picocolors@^1.0.0:
    version "1.0.0"
    resolved "http://registry.m.jd.com/picocolors/download/picocolors-1.0.0.tgz#cb5bdc74ff3f51892236eaf79d68bc44564ab81c"
    integrity sha1-y1vcdP8/UYkiNur3nWi8RFZKuBw=
  
  picomatch@^2.3.1:
    version "2.3.1"
    resolved "http://registry.m.jd.com/picomatch/download/picomatch-2.3.1.tgz#3ba3833733646d9d3e4995946c1365a67fb07a42"
    integrity sha1-O6ODNzNkbZ0+SZWUbBNlpn+wekI=
  
  postcss@^8.4.21:
    version "8.4.21"
    resolved "http://registry.m.jd.com/postcss/download/postcss-8.4.21.tgz#c639b719a57efc3187b13a1d765675485f4134f4"
    integrity sha1-xjm3GaV+/DGHsToddlZ1SF9BNPQ=
    dependencies:
      nanoid "^3.3.4"
      picocolors "^1.0.0"
      source-map-js "^1.0.2"
  
  resolve@^1.22.1:
    version "1.22.1"
    resolved "http://registry.m.jd.com/resolve/download/resolve-1.22.1.tgz#27cb2ebb53f91abb49470a928bba7558066ac177"
    integrity sha1-J8suu1P5GrtJRwqSi7p1WAZqwXc=
    dependencies:
      is-core-module "^2.9.0"
      path-parse "^1.0.7"
      supports-preserve-symlinks-flag "^1.0.0"
  
  rollup@^3.10.0:
    version "3.19.1"
    resolved "http://registry.m.jd.com/rollup/download/rollup-3.19.1.tgz#2b3a31ac1ff9f3afab2e523fa687fef5b0ee20fc"
    integrity sha1-KzoxrB/586+rLlI/pof+9bDuIPw=
    optionalDependencies:
      fsevents "~2.3.2"
  
  source-map-js@^1.0.2:
    version "1.0.2"
    resolved "http://registry.m.jd.com/source-map-js/download/source-map-js-1.0.2.tgz#adbc361d9c62df380125e7f161f71c826f1e490c"
    integrity sha1-rbw2HZxi3zgBJefxYfccgm8eSQw=
  
  supports-preserve-symlinks-flag@^1.0.0:
    version "1.0.0"
    resolved "http://registry.m.jd.com/supports-preserve-symlinks-flag/download/supports-preserve-symlinks-flag-1.0.0.tgz#6eda4bd344a3c94aea376d4cc31bc77311039e09"
    integrity sha1-btpL00SjyUrqN21MwxvHcxEDngk=
  
  typescript@^4.9.3:
    version "4.9.5"
    resolved "http://registry.m.jd.com/typescript/download/typescript-4.9.5.tgz#095979f9bcc0d09da324d58d03ce8f8374cbe65a"
    integrity sha1-CVl5+bzA0J2jJNWNA86Pg3TL5lo=
  
  vite@^4.0.4:
    version "4.1.4"
    resolved "http://registry.m.jd.com/vite/download/vite-4.1.4.tgz#170d93bcff97e0ebc09764c053eebe130bfe6ca0"
    integrity sha1-Fw2TvP+X4OvAl2TAU+6+Ewv+bKA=
    dependencies:
      esbuild "^0.16.14"
      postcss "^8.4.21"
      resolve "^1.22.1"
      rollup "^3.10.0"
    optionalDependencies:
      fsevents "~2.3.2"
  
  wrappy@1:
    version "1.0.2"
    resolved "http://registry.m.jd.com/wrappy/download/wrappy-1.0.2.tgz#b5243d8f3ec1aa35f1364605bc0d1036e30ab69f"
    integrity sha1-tSQ9jz7BqjXxNkYFvA0QNuMKtp8=
