{
  "0 debug pnpm:scope": {
    "selected": 1
  },
  "1 debug pnpm:package-manifest": {
    "initial": {
      "name": "react-demo",
      "version": "0.1.0",
      "private": true,
      "dependencies": {
        "@testing-library/jest-dom": "^5.14.1",
        "@testing-library/react": "^13.0.0",
        "@testing-library/user-event": "^13.2.1",
        "@types/jest": "^27.0.1",
        "@types/node": "^16.7.13",
        "@types/react": "^18.0.0",
        "@types/react-dom": "^18.0.0",
        "react": "^18.2.0",
        "react-dom": "^18.2.0",
        "react-router-dom": "^6.9.0",
        "react-scripts": "5.0.0-next.47",
        "route-resource-preload": "^1.0.0-beta.4",
        "typescript": "^4.4.2",
        "web-vitals": "^2.1.0"
      },
      "scripts": {
        "start": "npx craco start",
        "build": "react-scripts build",
        "test": "react-scripts test",
        "eject": "react-scripts eject"
      },
      "eslintConfig": {
        "extends": [
          "react-app",
          "react-app/jest"
        ]
      },
      "browserslist": {
        "production": [
          ">0.2%",
          "not dead",
          "not op_mini all"
        ],
        "development": [
          "last 1 chrome version",
          "last 1 firefox version",
          "last 1 safari version"
        ]
      },
      "devDependencies": {
        "@craco/craco": "^6.4.2",
        "craco-module-federation": "^1.1.0"
      }
    },
    "prefix": "/Users/dengwen48/Library/pnpm/global/5"
  },
  "2 debug pnpm:context": {
    "currentLockfileExists": true,
    "storeDir": "/Users/dengwen48/Library/pnpm/store/v3",
    "virtualStoreDir": "/Users/dengwen48/Library/pnpm/global/5/.pnpm"
  },
  "3 error pnpm": {
    "code": "ERR_PNPM_NO_IMPORTER_MANIFEST_FOUND",
    "err": {
      "name": "pnpm",
      "message": "No package.json (or package.yaml, or package.json5) was found in \"/Users/dengwen48/Library/pnpm/global/5/node_modules/routes-resource-preload\".",
      "code": "ERR_PNPM_NO_IMPORTER_MANIFEST_FOUND",
      "stack": "pnpm: No package.json (or package.yaml, or package.json5) was found in \"/Users/dengwen48/Library/pnpm/global/5/node_modules/routes-resource-preload\".\n    at readProjectManifest (/usr/local/lib/node_modules/pnpm/dist/pnpm.cjs:20808:13)\n    at async link (/usr/local/lib/node_modules/pnpm/dist/pnpm.cjs:109512:30)\n    at async Object.handler (/usr/local/lib/node_modules/pnpm/dist/pnpm.cjs:122459:27)\n    at async /usr/local/lib/node_modules/pnpm/dist/pnpm.cjs:182746:21\n    at async run (/usr/local/lib/node_modules/pnpm/dist/pnpm.cjs:182720:34)\n    at async runPnpm (/usr/local/lib/node_modules/pnpm/dist/pnpm.cjs:182938:5)\n    at async /usr/local/lib/node_modules/pnpm/dist/pnpm.cjs:182930:7"
    }
  }
}